\BOOKMARK [1][-]{section.1}{\376\377\000E\000i\000n\000l\000e\000i\000t\000u\000n\000g\000\040\000u\000n\000d\000\040\000B\000a\000s\000e\000l\000i\000n\000e}{}% 1
\BOOKMARK [2][-]{subsection.1.1}{\376\377\000B\000a\000s\000e\000l\000i\000n\000e\000-\000I\000m\000p\000l\000e\000m\000e\000n\000t\000i\000e\000r\000u\000n\000g}{section.1}% 2
\BOOKMARK [1][-]{section.2}{\376\377\000I\000n\000i\000t\000i\000a\000l\000e\000r\000\040\000A\000n\000s\000a\000t\000z}{}% 3
\BOOKMARK [2][-]{subsection.2.1}{\376\377\000H\000a\000u\000p\000t\000p\000a\000r\000a\000m\000e\000t\000e\000r}{section.2}% 4
\BOOKMARK [1][-]{section.3}{\376\377\000E\000x\000p\000e\000r\000i\000m\000e\000n\000t\000e\000l\000l\000e\000r\000\040\000A\000u\000f\000b\000a\000u}{}% 5
\BOOKMARK [2][-]{subsection.3.1}{\376\377\000U\000m\000g\000e\000b\000u\000n\000g\000s\000k\000o\000n\000f\000i\000g\000u\000r\000a\000t\000i\000o\000n}{section.3}% 6
\BOOKMARK [2][-]{subsection.3.2}{\376\377\000V\000o\000r\000v\000e\000r\000a\000r\000b\000e\000i\000t\000u\000n\000g\000s\000p\000i\000p\000e\000l\000i\000n\000e}{section.3}% 7
\BOOKMARK [1][-]{section.4}{\376\377\000E\000x\000p\000e\000r\000i\000m\000e\000n\000t\000e\000l\000l\000e\000\040\000V\000a\000r\000i\000a\000n\000t\000e\000n}{}% 8
\BOOKMARK [2][-]{subsection.4.1}{\376\377\000V\000a\000r\000i\000a\000n\000t\000e\000\040\0001\000:\000\040\000H\000y\000p\000e\000r\000p\000a\000r\000a\000m\000e\000t\000e\000r\000-\000T\000u\000n\000i\000n\000g}{section.4}% 9
\BOOKMARK [3][-]{subsubsection.4.1.1}{\376\377\000M\000o\000t\000i\000v\000a\000t\000i\000o\000n}{subsection.4.1}% 10
\BOOKMARK [3][-]{subsubsection.4.1.2}{\376\377\000M\000o\000d\000i\000f\000i\000z\000i\000e\000r\000t\000e\000\040\000P\000a\000r\000a\000m\000e\000t\000e\000r}{subsection.4.1}% 11
\BOOKMARK [3][-]{subsubsection.4.1.3}{\376\377\000E\000r\000g\000e\000b\000n\000i\000s\000s\000e\000\040\000u\000n\000d\000\040\000A\000n\000a\000l\000y\000s\000e}{subsection.4.1}% 12
\BOOKMARK [2][-]{subsection.4.2}{\376\377\000V\000a\000r\000i\000a\000n\000t\000e\000\040\0002\000:\000\040\000I\000M\000P\000A\000L\000A\000-\000A\000r\000c\000h\000i\000t\000e\000k\000t\000u\000r}{section.4}% 13
\BOOKMARK [3][-]{subsubsection.4.2.1}{\376\377\000M\000o\000t\000i\000v\000a\000t\000i\000o\000n}{subsection.4.2}% 14
\BOOKMARK [3][-]{subsubsection.4.2.2}{\376\377\000I\000m\000p\000l\000e\000m\000e\000n\000t\000i\000e\000r\000u\000n\000g\000s\000d\000e\000t\000a\000i\000l\000s}{subsection.4.2}% 15
\BOOKMARK [3][-]{subsubsection.4.2.3}{\376\377\000E\000r\000g\000e\000b\000n\000i\000s\000s\000e\000\040\000u\000n\000d\000\040\000A\000n\000a\000l\000y\000s\000e}{subsection.4.2}% 16
\BOOKMARK [2][-]{subsection.4.3}{\376\377\000V\000a\000r\000i\000a\000n\000t\000e\000\040\0003\000:\000\040\000M\000o\000d\000i\000f\000i\000z\000i\000e\000r\000t\000e\000r\000\040\000B\000e\000o\000b\000a\000c\000h\000t\000u\000n\000g\000s\000r\000a\000u\000m}{section.4}% 17
\BOOKMARK [3][-]{subsubsection.4.3.1}{\376\377\000M\000o\000t\000i\000v\000a\000t\000i\000o\000n}{subsection.4.3}% 18
\BOOKMARK [3][-]{subsubsection.4.3.2}{\376\377\000I\000m\000p\000l\000e\000m\000e\000n\000t\000i\000e\000r\000u\000n\000g\000s\000d\000e\000t\000a\000i\000l\000s}{subsection.4.3}% 19
\BOOKMARK [3][-]{subsubsection.4.3.3}{\376\377\000E\000r\000g\000e\000b\000n\000i\000s\000s\000e\000\040\000u\000n\000d\000\040\000A\000n\000a\000l\000y\000s\000e}{subsection.4.3}% 20
\BOOKMARK [2][-]{subsection.4.4}{\376\377\000V\000a\000r\000i\000a\000n\000t\000e\000\040\0004\000:\000\040\000S\000u\000r\000v\000i\000v\000a\000l\000\040\000T\000i\000m\000e\000\040\000B\000o\000n\000u\000s}{section.4}% 21
\BOOKMARK [3][-]{subsubsection.4.4.1}{\376\377\000M\000o\000t\000i\000v\000a\000t\000i\000o\000n}{subsection.4.4}% 22
\BOOKMARK [3][-]{subsubsection.4.4.2}{\376\377\000I\000m\000p\000l\000e\000m\000e\000n\000t\000i\000e\000r\000u\000n\000g\000s\000d\000e\000t\000a\000i\000l\000s}{subsection.4.4}% 23
\BOOKMARK [3][-]{subsubsection.4.4.3}{\376\377\000E\000r\000g\000e\000b\000n\000i\000s\000s\000e\000\040\000u\000n\000d\000\040\000A\000n\000a\000l\000y\000s\000e}{subsection.4.4}% 24
\BOOKMARK [1][-]{section.5}{\376\377\000V\000e\000r\000g\000l\000e\000i\000c\000h\000e\000n\000d\000e\000\040\000A\000n\000a\000l\000y\000s\000e}{}% 25
\BOOKMARK [1][-]{section.6}{\376\377\000F\000a\000z\000i\000t\000\040\000\046\000\040\000A\000u\000s\000b\000l\000i\000c\000k}{}% 26
